{
  "uid" : "b8c31988a5500465",
  "name" : "testLetterInInbox",
  "fullName" : "web_eye_care.tests.UserRegistrationTest.testLetterInInbox",
  "historyId" : "2cf11e2000634e8a185a705848b22654",
  "time" : {
    "start" : 1525703437697,
    "stop" : 1525703468523,
    "duration" : 30826
  },
  "description" : "Checking the email box\nThe step of the REG-01 Test case",
  "descriptionHtml" : "<p>Checking the email box\nThe step of the REG-01 Test case</p>\n",
  "status" : "failed",
  "statusDetails" : {
    "message" : "There is no confirmation letter in inbox after registration expected [true] but found [false]",
    "trace" : "java.lang.AssertionError: There is no confirmation letter in inbox after registration expected [true] but found [false]\n\tat org.testng.Assert.fail(Assert.java:94)\n\tat org.testng.Assert.failNotEquals(Assert.java:513)\n\tat org.testng.Assert.assertTrue(Assert.java:42)\n\tat web_eye_care.tests.UserRegistrationTest.testLetterInInbox(UserRegistrationTest.java:83)\n\tat sun.reflect.NativeMethodAccessorImpl.invoke0(Native Method)\n\tat sun.reflect.NativeMethodAccessorImpl.invoke(NativeMethodAccessorImpl.java:62)\n\tat sun.reflect.DelegatingMethodAccessorImpl.invoke(DelegatingMethodAccessorImpl.java:43)\n\tat java.lang.reflect.Method.invoke(Method.java:498)\n\tat org.testng.internal.MethodInvocationHelper.invokeMethod(MethodInvocationHelper.java:86)\n\tat org.testng.internal.Invoker.invokeMethod(Invoker.java:643)\n\tat org.testng.internal.Invoker.invokeTestMethod(Invoker.java:820)\n\tat org.testng.internal.Invoker.invokeTestMethods(Invoker.java:1128)\n\tat org.testng.internal.TestMethodWorker.invokeTestMethods(TestMethodWorker.java:129)\n\tat org.testng.internal.TestMethodWorker.run(TestMethodWorker.java:112)\n\tat org.testng.TestRunner.privateRun(TestRunner.java:782)\n\tat org.testng.TestRunner.run(TestRunner.java:632)\n\tat org.testng.SuiteRunner.runTest(SuiteRunner.java:366)\n\tat org.testng.SuiteRunner.runSequentially(SuiteRunner.java:361)\n\tat org.testng.SuiteRunner.privateRun(SuiteRunner.java:319)\n\tat org.testng.SuiteRunner.run(SuiteRunner.java:268)\n\tat org.testng.SuiteRunnerWorker.runSuite(SuiteRunnerWorker.java:52)\n\tat org.testng.SuiteRunnerWorker.run(SuiteRunnerWorker.java:86)\n\tat org.testng.TestNG.runSuitesSequentially(TestNG.java:1244)\n\tat org.testng.TestNG.runSuitesLocally(TestNG.java:1169)\n\tat org.testng.TestNG.run(TestNG.java:1064)\n\tat org.apache.maven.surefire.testng.TestNGExecutor.run(TestNGExecutor.java:283)\n\tat org.apache.maven.surefire.testng.TestNGXmlTestSuite.execute(TestNGXmlTestSuite.java:75)\n\tat org.apache.maven.surefire.testng.TestNGProvider.invoke(TestNGProvider.java:120)\n\tat org.apache.maven.surefire.booter.ForkedBooter.invokeProviderInSameClassLoader(ForkedBooter.java:373)\n\tat org.apache.maven.surefire.booter.ForkedBooter.runSuitesInProcess(ForkedBooter.java:334)\n\tat org.apache.maven.surefire.booter.ForkedBooter.execute(ForkedBooter.java:119)\n\tat org.apache.maven.surefire.booter.ForkedBooter.main(ForkedBooter.java:407)\n",
    "flaky" : false
  },
  "beforeStages" : [ {
    "name" : "setUp",
    "time" : {
      "start" : 1525703409817,
      "stop" : 1525703413731,
      "duration" : 3914
    },
    "status" : "passed",
    "steps" : [ ],
    "attachments" : [ ],
    "parameters" : [ ],
    "stepsCount" : 0,
    "attachmentsCount" : 0,
    "shouldDisplayMessage" : false,
    "hasContent" : false
  }, {
    "name" : "setUpEmailBox",
    "time" : {
      "start" : 1525703413751,
      "stop" : 1525703416786,
      "duration" : 3035
    },
    "status" : "passed",
    "steps" : [ {
      "name" : "Open email page",
      "time" : {
        "start" : 1525703413822,
        "stop" : 1525703416538,
        "duration" : 2716
      },
      "status" : "passed",
      "steps" : [ {
        "name" : "Check if email page is loaded",
        "time" : {
          "start" : 1525703416494,
          "stop" : 1525703416538,
          "duration" : 44
        },
        "status" : "passed",
        "steps" : [ ],
        "attachments" : [ ],
        "parameters" : [ {
          "name" : "url",
          "value" : "https://www.spam4.me/inbox"
        } ],
        "stepsCount" : 0,
        "attachmentsCount" : 0,
        "shouldDisplayMessage" : false,
        "hasContent" : true
      } ],
      "attachments" : [ ],
      "parameters" : [ {
        "name" : "url",
        "value" : "https://www.spam4.me/inbox"
      } ],
      "stepsCount" : 1,
      "attachmentsCount" : 0,
      "shouldDisplayMessage" : false,
      "hasContent" : true
    }, {
      "name" : "Set up email",
      "time" : {
        "start" : 1525703416539,
        "stop" : 1525703416786,
        "duration" : 247
      },
      "status" : "passed",
      "steps" : [ ],
      "attachments" : [ ],
      "parameters" : [ ],
      "stepsCount" : 0,
      "attachmentsCount" : 0,
      "shouldDisplayMessage" : false,
      "hasContent" : false
    } ],
    "attachments" : [ ],
    "parameters" : [ ],
    "stepsCount" : 3,
    "attachmentsCount" : 0,
    "shouldDisplayMessage" : false,
    "hasContent" : true
  } ],
  "testStage" : {
    "status" : "failed",
    "statusDetails" : {
      "message" : "There is no confirmation letter in inbox after registration expected [true] but found [false]",
      "trace" : "java.lang.AssertionError: There is no confirmation letter in inbox after registration expected [true] but found [false]\n\tat org.testng.Assert.fail(Assert.java:94)\n\tat org.testng.Assert.failNotEquals(Assert.java:513)\n\tat org.testng.Assert.assertTrue(Assert.java:42)\n\tat web_eye_care.tests.UserRegistrationTest.testLetterInInbox(UserRegistrationTest.java:83)\n\tat sun.reflect.NativeMethodAccessorImpl.invoke0(Native Method)\n\tat sun.reflect.NativeMethodAccessorImpl.invoke(NativeMethodAccessorImpl.java:62)\n\tat sun.reflect.DelegatingMethodAccessorImpl.invoke(DelegatingMethodAccessorImpl.java:43)\n\tat java.lang.reflect.Method.invoke(Method.java:498)\n\tat org.testng.internal.MethodInvocationHelper.invokeMethod(MethodInvocationHelper.java:86)\n\tat org.testng.internal.Invoker.invokeMethod(Invoker.java:643)\n\tat org.testng.internal.Invoker.invokeTestMethod(Invoker.java:820)\n\tat org.testng.internal.Invoker.invokeTestMethods(Invoker.java:1128)\n\tat org.testng.internal.TestMethodWorker.invokeTestMethods(TestMethodWorker.java:129)\n\tat org.testng.internal.TestMethodWorker.run(TestMethodWorker.java:112)\n\tat org.testng.TestRunner.privateRun(TestRunner.java:782)\n\tat org.testng.TestRunner.run(TestRunner.java:632)\n\tat org.testng.SuiteRunner.runTest(SuiteRunner.java:366)\n\tat org.testng.SuiteRunner.runSequentially(SuiteRunner.java:361)\n\tat org.testng.SuiteRunner.privateRun(SuiteRunner.java:319)\n\tat org.testng.SuiteRunner.run(SuiteRunner.java:268)\n\tat org.testng.SuiteRunnerWorker.runSuite(SuiteRunnerWorker.java:52)\n\tat org.testng.SuiteRunnerWorker.run(SuiteRunnerWorker.java:86)\n\tat org.testng.TestNG.runSuitesSequentially(TestNG.java:1244)\n\tat org.testng.TestNG.runSuitesLocally(TestNG.java:1169)\n\tat org.testng.TestNG.run(TestNG.java:1064)\n\tat org.apache.maven.surefire.testng.TestNGExecutor.run(TestNGExecutor.java:283)\n\tat org.apache.maven.surefire.testng.TestNGXmlTestSuite.execute(TestNGXmlTestSuite.java:75)\n\tat org.apache.maven.surefire.testng.TestNGProvider.invoke(TestNGProvider.java:120)\n\tat org.apache.maven.surefire.booter.ForkedBooter.invokeProviderInSameClassLoader(ForkedBooter.java:373)\n\tat org.apache.maven.surefire.booter.ForkedBooter.runSuitesInProcess(ForkedBooter.java:334)\n\tat org.apache.maven.surefire.booter.ForkedBooter.execute(ForkedBooter.java:119)\n\tat org.apache.maven.surefire.booter.ForkedBooter.main(ForkedBooter.java:407)\n",
      "flaky" : false
    },
    "steps" : [ {
      "name" : "Open email page",
      "time" : {
        "start" : 1525703437697,
        "stop" : 1525703438297,
        "duration" : 600
      },
      "status" : "passed",
      "steps" : [ {
        "name" : "Check if email page is loaded",
        "time" : {
          "start" : 1525703438259,
          "stop" : 1525703438297,
          "duration" : 38
        },
        "status" : "passed",
        "steps" : [ ],
        "attachments" : [ ],
        "parameters" : [ {
          "name" : "url",
          "value" : "https://www.spam4.me/inbox"
        } ],
        "stepsCount" : 0,
        "attachmentsCount" : 0,
        "shouldDisplayMessage" : false,
        "hasContent" : true
      } ],
      "attachments" : [ ],
      "parameters" : [ {
        "name" : "url",
        "value" : "https://www.spam4.me/inbox"
      } ],
      "stepsCount" : 1,
      "attachmentsCount" : 0,
      "shouldDisplayMessage" : false,
      "hasContent" : true
    }, {
      "name" : "Check if email page is loaded",
      "time" : {
        "start" : 1525703438298,
        "stop" : 1525703438319,
        "duration" : 21
      },
      "status" : "passed",
      "steps" : [ ],
      "attachments" : [ ],
      "parameters" : [ {
        "name" : "url",
        "value" : "https://www.spam4.me/inbox"
      } ],
      "stepsCount" : 0,
      "attachmentsCount" : 0,
      "shouldDisplayMessage" : false,
      "hasContent" : true
    }, {
      "name" : "Check for confirmation letter to be received",
      "time" : {
        "start" : 1525703438319,
        "stop" : 1525703468362,
        "duration" : 30043
      },
      "status" : "passed",
      "steps" : [ ],
      "attachments" : [ ],
      "parameters" : [ ],
      "stepsCount" : 0,
      "attachmentsCount" : 0,
      "shouldDisplayMessage" : false,
      "hasContent" : false
    } ],
    "attachments" : [ {
      "uid" : "b4c18aec091505",
      "name" : "Screenshot",
      "source" : "b4c18aec091505.png",
      "type" : "image/png",
      "size" : 102780
    } ],
    "parameters" : [ ],
    "stepsCount" : 4,
    "attachmentsCount" : 1,
    "shouldDisplayMessage" : true,
    "hasContent" : true
  },
  "afterStages" : [ {
    "name" : "tearDown",
    "time" : {
      "start" : 1525703516503,
      "stop" : 1525703516580,
      "duration" : 77
    },
    "status" : "passed",
    "steps" : [ ],
    "attachments" : [ ],
    "parameters" : [ ],
    "stepsCount" : 0,
    "attachmentsCount" : 0,
    "shouldDisplayMessage" : false,
    "hasContent" : false
  } ],
  "labels" : [ {
    "name" : "package",
    "value" : "web_eye_care.tests.UserRegistrationTest"
  }, {
    "name" : "testClass",
    "value" : "web_eye_care.tests.UserRegistrationTest"
  }, {
    "name" : "testMethod",
    "value" : "testLetterInInbox"
  }, {
    "name" : "parentSuite",
    "value" : "DemoSuite"
  }, {
    "name" : "suite",
    "value" : "Test case on Test Server on Chrome"
  }, {
    "name" : "subSuite",
    "value" : "web_eye_care.tests.UserRegistrationTest"
  }, {
    "name" : "host",
    "value" : "user-H81M-HD3"
  }, {
    "name" : "thread",
    "value" : "12575@user-H81M-HD3.main(1)"
  }, {
    "name" : "feature",
    "value" : "User registration"
  }, {
    "name" : "story",
    "value" : "User registration on the http://www.wecsandbox.com"
  }, {
    "name" : "resultFormat",
    "value" : "allure2"
  } ],
  "parameters" : [ {
    "name" : "arg0",
    "value" : "https://www.spam4.me/inbox"
  }, {
    "name" : "cartPageUrl",
    "value" : "http://hrqzq.qvfht.servertrust.com/ShoppingCart.asp"
  }, {
    "name" : "loginAfterSignOutPageUrl",
    "value" : "http://hrqzq.qvfht.servertrust.com/login.asp?logout=yes"
  }, {
    "name" : "loginAndRegistrationPageUrl",
    "value" : "http://hrqzq.qvfht.servertrust.com/login.asp"
  }, {
    "name" : "mainPageUrl",
    "value" : "http://www.wecsandbox.com"
  }, {
    "name" : "myAccountPageUrl",
    "value" : "http://hrqzq.qvfht.servertrust.com/myaccount.asp"
  }, {
    "name" : "orderPageUrl",
    "value" : "http://hrqzq.qvfht.servertrust.com/one-page-checkout.asp"
  }, {
    "name" : "password",
    "value" : "qwerty"
  }, {
    "name" : "productCategoryPageUrl",
    "value" : "http://hrqzq.qvfht.servertrust.com/Acuvue-Disposable-Contact-Lenses-s/157.htm"
  }, {
    "name" : "productPageUrl",
    "value" : "http://hrqzq.qvfht.servertrust.com/Acuvue-Oasys-Contacts-p/2308.htm"
  }, {
    "name" : "registeredEmail",
    "value" : "test_a1@spam4.me"
  }, {
    "name" : "registeredPassword",
    "value" : "qwerty"
  }, {
    "name" : "selenium.browser",
    "value" : "chrome"
  }, {
    "name" : "selenium.driver.path",
    "value" : "src/test/resources/drivers/chromedriver"
  }, {
    "name" : "spam4meUrl",
    "value" : "https://www.spam4.me/inbox"
  } ],
  "links" : [ {
    "name" : "https://docs.google.com/spreadsheets/d/1UTtHeSP3ovSTiGV6Kow1BH6eWGZE8wBcY7-XLLMnjTk/edit#gid=0",
    "type" : "custom"
  } ],
  "hidden" : false,
  "extra" : {
    "severity" : "normal",
    "retries" : [ ],
    "categories" : [ {
      "name" : "Product defects",
      "matchedStatuses" : [ ],
      "flaky" : false
    } ],
    "tags" : [ ]
  },
  "source" : "b8c31988a5500465.json",
  "statusDetailsSafe" : {
    "message" : "There is no confirmation letter in inbox after registration expected [true] but found [false]",
    "trace" : "java.lang.AssertionError: There is no confirmation letter in inbox after registration expected [true] but found [false]\n\tat org.testng.Assert.fail(Assert.java:94)\n\tat org.testng.Assert.failNotEquals(Assert.java:513)\n\tat org.testng.Assert.assertTrue(Assert.java:42)\n\tat web_eye_care.tests.UserRegistrationTest.testLetterInInbox(UserRegistrationTest.java:83)\n\tat sun.reflect.NativeMethodAccessorImpl.invoke0(Native Method)\n\tat sun.reflect.NativeMethodAccessorImpl.invoke(NativeMethodAccessorImpl.java:62)\n\tat sun.reflect.DelegatingMethodAccessorImpl.invoke(DelegatingMethodAccessorImpl.java:43)\n\tat java.lang.reflect.Method.invoke(Method.java:498)\n\tat org.testng.internal.MethodInvocationHelper.invokeMethod(MethodInvocationHelper.java:86)\n\tat org.testng.internal.Invoker.invokeMethod(Invoker.java:643)\n\tat org.testng.internal.Invoker.invokeTestMethod(Invoker.java:820)\n\tat org.testng.internal.Invoker.invokeTestMethods(Invoker.java:1128)\n\tat org.testng.internal.TestMethodWorker.invokeTestMethods(TestMethodWorker.java:129)\n\tat org.testng.internal.TestMethodWorker.run(TestMethodWorker.java:112)\n\tat org.testng.TestRunner.privateRun(TestRunner.java:782)\n\tat org.testng.TestRunner.run(TestRunner.java:632)\n\tat org.testng.SuiteRunner.runTest(SuiteRunner.java:366)\n\tat org.testng.SuiteRunner.runSequentially(SuiteRunner.java:361)\n\tat org.testng.SuiteRunner.privateRun(SuiteRunner.java:319)\n\tat org.testng.SuiteRunner.run(SuiteRunner.java:268)\n\tat org.testng.SuiteRunnerWorker.runSuite(SuiteRunnerWorker.java:52)\n\tat org.testng.SuiteRunnerWorker.run(SuiteRunnerWorker.java:86)\n\tat org.testng.TestNG.runSuitesSequentially(TestNG.java:1244)\n\tat org.testng.TestNG.runSuitesLocally(TestNG.java:1169)\n\tat org.testng.TestNG.run(TestNG.java:1064)\n\tat org.apache.maven.surefire.testng.TestNGExecutor.run(TestNGExecutor.java:283)\n\tat org.apache.maven.surefire.testng.TestNGXmlTestSuite.execute(TestNGXmlTestSuite.java:75)\n\tat org.apache.maven.surefire.testng.TestNGProvider.invoke(TestNGProvider.java:120)\n\tat org.apache.maven.surefire.booter.ForkedBooter.invokeProviderInSameClassLoader(ForkedBooter.java:373)\n\tat org.apache.maven.surefire.booter.ForkedBooter.runSuitesInProcess(ForkedBooter.java:334)\n\tat org.apache.maven.surefire.booter.ForkedBooter.execute(ForkedBooter.java:119)\n\tat org.apache.maven.surefire.booter.ForkedBooter.main(ForkedBooter.java:407)\n",
    "flaky" : false
  },
  "statusMessage" : {
    "present" : true
  },
  "parameterValues" : [ "https://www.spam4.me/inbox", "http://hrqzq.qvfht.servertrust.com/ShoppingCart.asp", "http://hrqzq.qvfht.servertrust.com/login.asp?logout=yes", "http://hrqzq.qvfht.servertrust.com/login.asp", "http://www.wecsandbox.com", "http://hrqzq.qvfht.servertrust.com/myaccount.asp", "http://hrqzq.qvfht.servertrust.com/one-page-checkout.asp", "qwerty", "http://hrqzq.qvfht.servertrust.com/Acuvue-Disposable-Contact-Lenses-s/157.htm", "http://hrqzq.qvfht.servertrust.com/Acuvue-Oasys-Contacts-p/2308.htm", "test_a1@spam4.me", "qwerty", "chrome", "src/test/resources/drivers/chromedriver", "https://www.spam4.me/inbox" ]
}