<?xml version="1.0" encoding="UTF-8"?>
<!-- Generated by org.testng.reporters.JUnitXMLReporter -->
<testsuite hostname="user-H81M-HD3" name="Test case on Chrome" tests="15" failures="1" timestamp="23 Feb 2018 11:30:29 GMT" time="120.84" errors="0">
  <testcase name="testGoToMainPage" time="9.1" classname="web_eye_care.tests.UserRegistrationTest"/>
  <testcase name="testGoToRegistrationPage" time="12.762" classname="web_eye_care.tests.UserRegistrationTest"/>
  <testcase name="testRegistrationOfNewUser" time="4.345" classname="web_eye_care.tests.UserRegistrationTest"/>
  <testcase name="testSignInOfCreatedUser" time="13.152" classname="web_eye_care.tests.UserRegistrationTest"/>
  <testcase name="testLetterInInbox" time="30.706" classname="web_eye_care.tests.UserRegistrationTest"/>
  <testcase name="testGoToMainPage" time="6.873" classname="web_eye_care.tests.BuyAsNewUserTest"/>
  <testcase name="testGoToProductCategoryPage" time="2.604" classname="web_eye_care.tests.BuyAsNewUserTest"/>
  <testcase name="testGoToProductPage" time="3.564" classname="web_eye_care.tests.BuyAsNewUserTest"/>
  <testcase name="testAddToCart" time="0.061" classname="web_eye_care.tests.BuyAsNewUserTest">
    <failure type="org.openqa.selenium.WebDriverException" message="unknown error: Element &amp;lt;button class=&amp;quot;btn m-check m-green&amp;quot;&amp;gt;...&amp;lt;/button&amp;gt; is not clickable at point (1385, 931). Other element would receive the click: &amp;lt;div class=&amp;quot;...-sep&amp;quot;&amp;gt;or&amp;lt;/div&amp;gt;
  (Session info: chrome=64.0.3282.167)
  (Driver info: chromedriver=2.35.528139 (47ead77cb35ad2a9a83248b292151462a66cd881),platform=Linux 4.13.0-32-generic x86_64) (WARNING: The server did not provide any stacktrace information)
Command duration or timeout: 0 milliseconds
Build info: version: &amp;apos;3.6.0&amp;apos;, revision: &amp;apos;6fbf3ec767&amp;apos;, time: &amp;apos;2017-09-27T15:28:36.4Z&amp;apos;
System info: host: &amp;apos;user-H81M-HD3&amp;apos;, ip: &amp;apos;127.0.1.1&amp;apos;, os.name: &amp;apos;Linux&amp;apos;, os.arch: &amp;apos;amd64&amp;apos;, os.version: &amp;apos;4.13.0-32-generic&amp;apos;, java.version: &amp;apos;1.8.0_151&amp;apos;
Driver info: org.openqa.selenium.chrome.ChromeDriver
Capabilities [{mobileEmulationEnabled=false, hasTouchScreen=false, platform=LINUX, acceptSslCerts=false, acceptInsecureCerts=false, webStorageEnabled=true, browserName=chrome, takesScreenshot=true, javascriptEnabled=true, platformName=LINUX, setWindowRect=true, unexpectedAlertBehaviour=, applicationCacheEnabled=false, rotatable=false, networkConnectionEnabled=false, chrome={chromedriverVersion=2.35.528139 (47ead77cb35ad2a9a83248b292151462a66cd881), userDataDir=/tmp/.org.chromium.Chromium.cj6Rvm}, takesHeapSnapshot=true, pageLoadStrategy=normal, unhandledPromptBehavior=, databaseEnabled=false, handlesAlerts=true, version=64.0.3282.167, browserConnectionEnabled=false, nativeEvents=true, locationContextEnabled=true, cssSelectorsEnabled=true}]
Session ID: 380b17bc79c467165904dd81a2ead3c3">
      <![CDATA[org.openqa.selenium.WebDriverException: unknown error: Element <button class="btn m-check m-green">...</button> is not clickable at point (1385, 931). Other element would receive the click: <div class="...-sep">or</div>
  (Session info: chrome=64.0.3282.167)
  (Driver info: chromedriver=2.35.528139 (47ead77cb35ad2a9a83248b292151462a66cd881),platform=Linux 4.13.0-32-generic x86_64) (WARNING: The server did not provide any stacktrace information)
Command duration or timeout: 0 milliseconds
Build info: version: '3.6.0', revision: '6fbf3ec767', time: '2017-09-27T15:28:36.4Z'
System info: host: 'user-H81M-HD3', ip: '127.0.1.1', os.name: 'Linux', os.arch: 'amd64', os.version: '4.13.0-32-generic', java.version: '1.8.0_151'
Driver info: org.openqa.selenium.chrome.ChromeDriver
Capabilities [{mobileEmulationEnabled=false, hasTouchScreen=false, platform=LINUX, acceptSslCerts=false, acceptInsecureCerts=false, webStorageEnabled=true, browserName=chrome, takesScreenshot=true, javascriptEnabled=true, platformName=LINUX, setWindowRect=true, unexpectedAlertBehaviour=, applicationCacheEnabled=false, rotatable=false, networkConnectionEnabled=false, chrome={chromedriverVersion=2.35.528139 (47ead77cb35ad2a9a83248b292151462a66cd881), userDataDir=/tmp/.org.chromium.Chromium.cj6Rvm}, takesHeapSnapshot=true, pageLoadStrategy=normal, unhandledPromptBehavior=, databaseEnabled=false, handlesAlerts=true, version=64.0.3282.167, browserConnectionEnabled=false, nativeEvents=true, locationContextEnabled=true, cssSelectorsEnabled=true}]
Session ID: 380b17bc79c467165904dd81a2ead3c3
	at org.openqa.selenium.remote.ErrorHandler.createThrowable(ErrorHandler.java:214)
	at org.openqa.selenium.remote.ErrorHandler.throwIfResponseFailed(ErrorHandler.java:166)
	at org.openqa.selenium.remote.http.JsonHttpResponseCodec.reconstructValue(JsonHttpResponseCodec.java:40)
	at org.openqa.selenium.remote.http.AbstractHttpResponseCodec.decode(AbstractHttpResponseCodec.java:82)
	at org.openqa.selenium.remote.http.AbstractHttpResponseCodec.decode(AbstractHttpResponseCodec.java:45)
	at org.openqa.selenium.remote.HttpCommandExecutor.execute(HttpCommandExecutor.java:164)
	at org.openqa.selenium.remote.service.DriverCommandExecutor.execute(DriverCommandExecutor.java:83)
	at org.openqa.selenium.remote.RemoteWebDriver.execute(RemoteWebDriver.java:586)
	at org.openqa.selenium.remote.RemoteWebElement.execute(RemoteWebElement.java:279)
	at org.openqa.selenium.remote.RemoteWebElement.click(RemoteWebElement.java:83)
	at web_eye_care.pages.ProductPage.addToCart_aroundBody2(ProductPage.java:34)
	at web_eye_care.pages.ProductPage$AjcClosure3.run(ProductPage.java:1)
	at io.qameta.allure.aspects.StepsAspects.step(StepsAspects.java:46)
	at web_eye_care.pages.ProductPage.addToCart(ProductPage.java:33)
	at web_eye_care.tests.BuyAsNewUserTest.testAddToCart(BuyAsNewUserTest.java:56)
... Removed 33 stack frames]]>
    </failure>
  </testcase> <!-- testAddToCart -->
  <testcase name="testProceedToCheckout" time="0.0" classname="web_eye_care.tests.BuyAsNewUserTest">
    <skipped/>
  </testcase> <!-- testProceedToCheckout -->
  <testcase name="testGoToMainPage" time="5.502" classname="web_eye_care.tests.BuyAsExistingUserTest"/>
  <testcase name="testGoToProductCategoryPage" time="2.194" classname="web_eye_care.tests.BuyAsExistingUserTest"/>
  <testcase name="testGoToProductPage" time="4.068" classname="web_eye_care.tests.BuyAsExistingUserTest"/>
  <testcase name="testAddToCart" time="3.803" classname="web_eye_care.tests.BuyAsExistingUserTest"/>
  <testcase name="testProceedToCheckout" time="18.26" classname="web_eye_care.tests.BuyAsExistingUserTest"/>
</testsuite> <!-- Test case on Chrome -->
