{
  "uid" : "e94876ebbcbef165",
  "name" : "testSignInOfCreatedUser",
  "fullName" : "web_eye_care.tests.UserRegistrationTest.testSignInOfCreatedUser",
  "historyId" : "95a9a06e6bd82be45e838e48aeb52c3",
  "time" : {
    "start" : 1519322736611,
    "stop" : 1519322738729,
    "duration" : 2118
  },
  "status" : "failed",
  "statusDetails" : {
    "message" : "Login page was not opened expected [true] but found [false]",
    "trace" : "java.lang.AssertionError: Login page was not opened expected [true] but found [false]\n\tat org.testng.Assert.fail(Assert.java:94)\n\tat org.testng.Assert.failNotEquals(Assert.java:513)\n\tat org.testng.Assert.assertTrue(Assert.java:42)\n\tat web_eye_care.tests.UserRegistrationTest.testSignInOfCreatedUser(UserRegistrationTest.java:64)\n\tat sun.reflect.NativeMethodAccessorImpl.invoke0(Native Method)\n\tat sun.reflect.NativeMethodAccessorImpl.invoke(NativeMethodAccessorImpl.java:62)\n\tat sun.reflect.DelegatingMethodAccessorImpl.invoke(DelegatingMethodAccessorImpl.java:43)\n\tat java.lang.reflect.Method.invoke(Method.java:498)\n\tat org.testng.internal.MethodInvocationHelper.invokeMethod(MethodInvocationHelper.java:86)\n\tat org.testng.internal.Invoker.invokeMethod(Invoker.java:643)\n\tat org.testng.internal.Invoker.invokeTestMethod(Invoker.java:820)\n\tat org.testng.internal.Invoker.invokeTestMethods(Invoker.java:1128)\n\tat org.testng.internal.TestMethodWorker.invokeTestMethods(TestMethodWorker.java:129)\n\tat org.testng.internal.TestMethodWorker.run(TestMethodWorker.java:112)\n\tat org.testng.TestRunner.privateRun(TestRunner.java:782)\n\tat org.testng.TestRunner.run(TestRunner.java:632)\n\tat org.testng.SuiteRunner.runTest(SuiteRunner.java:366)\n\tat org.testng.SuiteRunner.runSequentially(SuiteRunner.java:361)\n\tat org.testng.SuiteRunner.privateRun(SuiteRunner.java:319)\n\tat org.testng.SuiteRunner.run(SuiteRunner.java:268)\n\tat org.testng.SuiteRunnerWorker.runSuite(SuiteRunnerWorker.java:52)\n\tat org.testng.SuiteRunnerWorker.run(SuiteRunnerWorker.java:86)\n\tat org.testng.TestNG.runSuitesSequentially(TestNG.java:1244)\n\tat org.testng.TestNG.runSuitesLocally(TestNG.java:1169)\n\tat org.testng.TestNG.run(TestNG.java:1064)\n\tat org.apache.maven.surefire.testng.TestNGExecutor.run(TestNGExecutor.java:283)\n\tat org.apache.maven.surefire.testng.TestNGXmlTestSuite.execute(TestNGXmlTestSuite.java:75)\n\tat org.apache.maven.surefire.testng.TestNGProvider.invoke(TestNGProvider.java:120)\n\tat org.apache.maven.surefire.booter.ForkedBooter.invokeProviderInSameClassLoader(ForkedBooter.java:373)\n\tat org.apache.maven.surefire.booter.ForkedBooter.runSuitesInProcess(ForkedBooter.java:334)\n\tat org.apache.maven.surefire.booter.ForkedBooter.execute(ForkedBooter.java:119)\n\tat org.apache.maven.surefire.booter.ForkedBooter.main(ForkedBooter.java:407)\n",
    "flaky" : false
  },
  "description" : "Sign in as created user",
  "descriptionHtml" : "<p>Sign in as created user</p>",
  "beforeStages" : [ {
    "name" : "setUp",
    "time" : {
      "start" : 1519322702727,
      "stop" : 1519322704929,
      "duration" : 2202
    },
    "status" : "passed",
    "steps" : [ ],
    "attachments" : [ ],
    "parameters" : [ ],
    "hasContent" : false,
    "stepsCount" : 0,
    "attachmentsCount" : 0
  } ],
  "testStage" : {
    "status" : "failed",
    "statusDetails" : {
      "message" : "Login page was not opened expected [true] but found [false]",
      "trace" : "java.lang.AssertionError: Login page was not opened expected [true] but found [false]\n\tat org.testng.Assert.fail(Assert.java:94)\n\tat org.testng.Assert.failNotEquals(Assert.java:513)\n\tat org.testng.Assert.assertTrue(Assert.java:42)\n\tat web_eye_care.tests.UserRegistrationTest.testSignInOfCreatedUser(UserRegistrationTest.java:64)\n\tat sun.reflect.NativeMethodAccessorImpl.invoke0(Native Method)\n\tat sun.reflect.NativeMethodAccessorImpl.invoke(NativeMethodAccessorImpl.java:62)\n\tat sun.reflect.DelegatingMethodAccessorImpl.invoke(DelegatingMethodAccessorImpl.java:43)\n\tat java.lang.reflect.Method.invoke(Method.java:498)\n\tat org.testng.internal.MethodInvocationHelper.invokeMethod(MethodInvocationHelper.java:86)\n\tat org.testng.internal.Invoker.invokeMethod(Invoker.java:643)\n\tat org.testng.internal.Invoker.invokeTestMethod(Invoker.java:820)\n\tat org.testng.internal.Invoker.invokeTestMethods(Invoker.java:1128)\n\tat org.testng.internal.TestMethodWorker.invokeTestMethods(TestMethodWorker.java:129)\n\tat org.testng.internal.TestMethodWorker.run(TestMethodWorker.java:112)\n\tat org.testng.TestRunner.privateRun(TestRunner.java:782)\n\tat org.testng.TestRunner.run(TestRunner.java:632)\n\tat org.testng.SuiteRunner.runTest(SuiteRunner.java:366)\n\tat org.testng.SuiteRunner.runSequentially(SuiteRunner.java:361)\n\tat org.testng.SuiteRunner.privateRun(SuiteRunner.java:319)\n\tat org.testng.SuiteRunner.run(SuiteRunner.java:268)\n\tat org.testng.SuiteRunnerWorker.runSuite(SuiteRunnerWorker.java:52)\n\tat org.testng.SuiteRunnerWorker.run(SuiteRunnerWorker.java:86)\n\tat org.testng.TestNG.runSuitesSequentially(TestNG.java:1244)\n\tat org.testng.TestNG.runSuitesLocally(TestNG.java:1169)\n\tat org.testng.TestNG.run(TestNG.java:1064)\n\tat org.apache.maven.surefire.testng.TestNGExecutor.run(TestNGExecutor.java:283)\n\tat org.apache.maven.surefire.testng.TestNGXmlTestSuite.execute(TestNGXmlTestSuite.java:75)\n\tat org.apache.maven.surefire.testng.TestNGProvider.invoke(TestNGProvider.java:120)\n\tat org.apache.maven.surefire.booter.ForkedBooter.invokeProviderInSameClassLoader(ForkedBooter.java:373)\n\tat org.apache.maven.surefire.booter.ForkedBooter.runSuitesInProcess(ForkedBooter.java:334)\n\tat org.apache.maven.surefire.booter.ForkedBooter.execute(ForkedBooter.java:119)\n\tat org.apache.maven.surefire.booter.ForkedBooter.main(ForkedBooter.java:407)\n",
      "flaky" : false
    },
    "steps" : [ {
      "name" : "Checking if registration and login page is loaded",
      "time" : {
        "start" : 1519322736612,
        "stop" : 1519322738532,
        "duration" : 1920
      },
      "status" : "passed",
      "hasContent" : true,
      "stepsCount" : 0,
      "attachmentsCount" : 0,
      "steps" : [ ],
      "attachments" : [ ],
      "parameters" : [ {
        "name" : "url",
        "value" : "http://hrqzq.qvfht.servertrust.com/login.asp"
      } ]
    } ],
    "attachments" : [ {
      "uid" : "938b339e5eec164d",
      "name" : "{1}",
      "source" : "938b339e5eec164d.png",
      "type" : "image/png",
      "size" : 132776
    } ],
    "hasContent" : true,
    "stepsCount" : 1,
    "attachmentsCount" : 1
  },
  "afterStages" : [ {
    "name" : "tearDown",
    "time" : {
      "start" : 1519322738733,
      "stop" : 1519322738850,
      "duration" : 117
    },
    "status" : "passed",
    "steps" : [ ],
    "attachments" : [ ],
    "parameters" : [ ],
    "hasContent" : false,
    "stepsCount" : 0,
    "attachmentsCount" : 0
  } ],
  "labels" : [ {
    "name" : "package",
    "value" : "web_eye_care.tests.UserRegistrationTest"
  }, {
    "name" : "testClass",
    "value" : "web_eye_care.tests.UserRegistrationTest"
  }, {
    "name" : "testMethod",
    "value" : "testSignInOfCreatedUser"
  }, {
    "name" : "parentSuite",
    "value" : "Suite1"
  }, {
    "name" : "suite",
    "value" : "Test case on Chrome"
  }, {
    "name" : "subSuite",
    "value" : "web_eye_care.tests.UserRegistrationTest"
  }, {
    "name" : "host",
    "value" : "user-H81M-HD3"
  }, {
    "name" : "thread",
    "value" : "15981@user-H81M-HD3.main(1)"
  }, {
    "name" : "feature",
    "value" : "User registration"
  }, {
    "name" : "story",
    "value" : "Register a new user"
  } ],
  "parameters" : [ {
    "name" : "selenium.driver.path",
    "value" : "src/test/resources/drivers/chromedriver"
  }, {
    "name" : "productCategoryPageUrl",
    "value" : "http://hrqzq.qvfht.servertrust.com/Acuvue-Disposable-Contact-Lenses-s/157.htm"
  }, {
    "name" : "myAccountPageUrl",
    "value" : "http://hrqzq.qvfht.servertrust.com/myaccount.asp"
  }, {
    "name" : "loginAndRegistrationPageUrl",
    "value" : "http://hrqzq.qvfht.servertrust.com/login.asp"
  }, {
    "name" : "registeredPassword",
    "value" : "qwerty"
  }, {
    "name" : "productPageUrl",
    "value" : "http://hrqzq.qvfht.servertrust.com/Acuvue-Oasys-Contacts-p/2308.htm"
  }, {
    "name" : "password",
    "value" : "qwerty"
  }, {
    "name" : "orderPageUrl",
    "value" : "http://hrqzq.qvfht.servertrust.com/one-page-checkout.asp"
  }, {
    "name" : "registeredEmail",
    "value" : "testa@spam4.me"
  }, {
    "name" : "cartPageUrl",
    "value" : "http://hrqzq.qvfht.servertrust.com/ShoppingCart.asp"
  }, {
    "name" : "mainPageUrl",
    "value" : "http://www.wecsandbox.com"
  }, {
    "name" : "selenium.browser",
    "value" : "chrome"
  }, {
    "name" : "email",
    "value" : "testh@spam4.me"
  }, {
    "name" : "spam4meUrl",
    "value" : "https://www.spam4.me/inbox"
  }, {
    "name" : "arg0",
    "value" : "testh@spam4.me"
  }, {
    "name" : "arg1",
    "value" : "qwerty"
  }, {
    "name" : "arg2",
    "value" : "http://hrqzq.qvfht.servertrust.com/myaccount.asp"
  }, {
    "name" : "arg3",
    "value" : "http://hrqzq.qvfht.servertrust.com/login.asp"
  } ],
  "links" : [ ],
  "hidden" : false,
  "extra" : {
    "severity" : "normal",
    "categories" : [ {
      "name" : "Product defects"
    } ]
  }
}